✔ |  OK F W S | Context
⠏ |   0       | 01_regmedint_class_ui✔ |   0       | 01_regmedint_class_ui
⠏ |   0       | 03_fit_mreg✔ |  24       | 03_fit_mreg
⠏ |   0       | 03_helpers_fit_mreg_fit_yreg✔ |  23       | 03_helpers_fit_mreg_fit_yreg
⠏ |   0       | 04_fit_yreg_linear✔ |  24       | 04_fit_yreg_linear
⠏ |   0       | 04_fit_yreg_logistic✔ |  24       | 04_fit_yreg_logistic
⠏ |   0       | 04_fit_yreg_poisson✔ |  24       | 04_fit_yreg_poisson
⠏ |   0       | 04_fit_yreg_survAFT_exp✔ |  24       | 04_fit_yreg_survAFT_exp
⠏ |   0       | 04_fit_yreg_survAFT_weibull✔ |  24       | 04_fit_yreg_survAFT_weibull
⠏ |   0       | 06_calc_myreg_helpers_coef⠧ |  38       | 06_calc_myreg_helpers_coef⠧ |  78       | 06_calc_myreg_helpers_coef✔ | 109       | 06_calc_myreg_helpers_coef [0.3 s]
⠏ |   0       | 06_calc_myreg_helpers_vcov⠼ |  35       | 06_calc_myreg_helpers_vcov⠹ |  63       | 06_calc_myreg_helpers_vcov⠹ |  93       | 06_calc_myreg_helpers_vcov✔ | 110       | 06_calc_myreg_helpers_vcov [0.4 s]
⠏ |   0       | 07_calc_myreg_mreg_linear_yreg_linear✔ |   0     2 | 07_calc_myreg_mreg_linear_yreg_linear
────────────────────────────────────────────────────────────────────────────────────────────────────────────────────────
test-07_calc_myreg_mreg_linear_yreg_linear.R:17: skip: calc_myreg_mreg_linear_yreg_linear_est works given coef
Reason: empty test

test-07_calc_myreg_mreg_linear_yreg_linear.R:26: skip: calc_myreg_mreg_linear_yreg_linear_se works given coef and vcov
Reason: empty test
────────────────────────────────────────────────────────────────────────────────────────────────────────────────────────
⠏ |   0       | 07_calc_myreg_mreg_linear_yreg_logistic⠇ |  39       | 07_calc_myreg_mreg_linear_yreg_logistic⠇ |  79       | 07_calc_myreg_mreg_linear_yreg_logistic⠴ | 126       | 07_calc_myreg_mreg_linear_yreg_logistic⠦ | 177       | 07_calc_myreg_mreg_linear_yreg_logistic✖ | 232 3     | 07_calc_myreg_mreg_linear_yreg_logistic [0.5 s]
────────────────────────────────────────────────────────────────────────────────────────────────────────────────────────
test-07_calc_myreg_mreg_linear_yreg_logistic.R:1184: failure: calc_myreg_mreg_linear_yreg_logistic_se (NULL cvar): returns a function that gives a numeric vector without NA
all(!is.na(res)) isn't true.

test-07_calc_myreg_mreg_linear_yreg_logistic.R:1232: failure: calc_myreg_mreg_linear_yreg_logistic_se (one cvar): returns a function that gives a numeric vector without NA
all(!is.na(res)) isn't true.

test-07_calc_myreg_mreg_linear_yreg_logistic.R:1280: failure: calc_myreg_mreg_linear_yreg_logistic_se (three cvar): returns a function that gives a numeric vector without NA
all(!is.na(res)) isn't true.
────────────────────────────────────────────────────────────────────────────────────────────────────────────────────────
⠏ |   0       | 07_calc_myreg_mreg_logistic_yreg_linear✔ |   0     2 | 07_calc_myreg_mreg_logistic_yreg_linear
────────────────────────────────────────────────────────────────────────────────────────────────────────────────────────
test-07_calc_myreg_mreg_logistic_yreg_linear.R:17: skip: calc_myreg_mreg_logistic_yreg_linear_est works given coef
Reason: empty test

test-07_calc_myreg_mreg_logistic_yreg_linear.R:26: skip: calc_myreg_mreg_logistic_yreg_linear_se works given coef and vcov
Reason: empty test
────────────────────────────────────────────────────────────────────────────────────────────────────────────────────────
⠏ |   0       | 07_calc_myreg_mreg_logistic_yreg_logistic✔ |   0     2 | 07_calc_myreg_mreg_logistic_yreg_logistic
────────────────────────────────────────────────────────────────────────────────────────────────────────────────────────
test-07_calc_myreg_mreg_logistic_yreg_logistic.R:17: skip: calc_myreg_mreg_logistic_yreg_logistic_est works given coef
Reason: empty test

test-07_calc_myreg_mreg_logistic_yreg_logistic.R:26: skip: calc_myreg_mreg_logistic_yreg_logistic_se works given coef and vcov
Reason: empty test
────────────────────────────────────────────────────────────────────────────────────────────────────────────────────────
⠏ |   0       | 08_regmedint_class_user_methods⠼ |  15       | 08_regmedint_class_user_methods⠋ |  25 6     | 08_regmedint_class_user_methods✖ |  28 8     | 08_regmedint_class_user_methods [0.2 s]
────────────────────────────────────────────────────────────────────────────────────────────────────────────────────────
test-08_regmedint_class_user_methods.R:106: failure: summary.regmedint: prints evaluation information
`summary\(fit_regmedint\)` does not match "^Evaluated at:".
Actual value: "### Mediator model\\n\\nCall:\\nlm\(formula = bili ~ trt, data = data\)\\n\\nResiduals:\\n    Min      1Q  Median      3Q     Max \\n-3\.4000 -2\.5000 -1\.7000  0\.4434 24\.3000 \\n\\nCoefficients:\\n            Estimate Std\. Error t value Pr\(>\|t\|\)  \\n\(Intercept\)   2\.2132     0\.8784   2\.520   0\.0123 \*\\ntrt           0\.7434     0\.5532   1\.344   0\.1801  \\n---\\nSignif\. codes:  0 '\*\*\*' 0\.001 '\*\*' 0\.01 '\*' 0\.05 '\.' 0\.1 ' ' 1\\n\\nResidual standard error: 4\.594 on 274 degrees of freedom\\nMultiple R-squared:  0\.006548,\\tAdjusted R-squared:  0\.002923 \\nF-statistic: 1\.806 on 1 and 274 DF,  p-value: 0\.1801\\n\\n### Outcome model\\n\\nCall:\\nglm\(formula = spiders ~ trt \+ bili, family = binomial\(link = "logit"\), \\n    data = data\)\\n\\nDeviance Residuals: \\n    Min       1Q   Median       3Q      Max  \\n-2\.0340  -0\.7631  -0\.7128   1\.1039   1\.7662  \\n\\nCoefficients:\\n            Estimate Std\. Error z value Pr\(>\|z\|\)    \\n\(Intercept\)  -1\.1071     0\.4392  -2\.521   0\.0117 \*  \\ntrt          -0\.1440     0\.2760  -0\.522   0\.6018    \\nbili          0\.1189     0\.0305   3\.898 0\.000097 \*\*\*\\n---\\nSignif\. codes:  0 '\*\*\*' 0\.001 '\*\*' 0\.01 '\*' 0\.05 '\.' 0\.1 ' ' 1\\n\\n\(Dispersion parameter for binomial family taken to be 1\)\\n\\n    Null deviance: 332\.32  on 275  degrees of freedom\\nResidual deviance: 314\.69  on 273  degrees of freedom\\nAIC: 320\.69\\n\\nNumber of Fisher Scoring iterations: 4\\n\\n### Mediation analysis \\n             est    SE\(est\)          Z         p\\ncde  -0\.14403023 0\.27604401 -0\.5217655 0\.3009168\\npnde -0\.14403023 0\.27604401 -0\.5217655 0\.3009168\\ntnie  0\.08836967 0\.06955445  1\.2705108 0\.8980486\\ntnde -0\.14403023 0\.27604401 -0\.5217655 0\.3009168\\npnie  0\.08836967 0\.06955445  1\.2705108 0\.8980486\\nte   -0\.05566056 0\.28289358 -0\.1967544 0\.4220099\\npm   -1\.47762819         NA         NA        NA"

test-08_regmedint_class_user_methods.R:108: failure: summary.regmedint: prints evaluation information
`summary\(fit_regmedint\)` does not match "^a1 (intervened value of avar) = ".
Actual value: "### Mediator model\\n\\nCall:\\nlm\(formula = bili ~ trt, data = data\)\\n\\nResiduals:\\n    Min      1Q  Median      3Q     Max \\n-3\.4000 -2\.5000 -1\.7000  0\.4434 24\.3000 \\n\\nCoefficients:\\n            Estimate Std\. Error t value Pr\(>\|t\|\)  \\n\(Intercept\)   2\.2132     0\.8784   2\.520   0\.0123 \*\\ntrt           0\.7434     0\.5532   1\.344   0\.1801  \\n---\\nSignif\. codes:  0 '\*\*\*' 0\.001 '\*\*' 0\.01 '\*' 0\.05 '\.' 0\.1 ' ' 1\\n\\nResidual standard error: 4\.594 on 274 degrees of freedom\\nMultiple R-squared:  0\.006548,\\tAdjusted R-squared:  0\.002923 \\nF-statistic: 1\.806 on 1 and 274 DF,  p-value: 0\.1801\\n\\n### Outcome model\\n\\nCall:\\nglm\(formula = spiders ~ trt \+ bili, family = binomial\(link = "logit"\), \\n    data = data\)\\n\\nDeviance Residuals: \\n    Min       1Q   Median       3Q      Max  \\n-2\.0340  -0\.7631  -0\.7128   1\.1039   1\.7662  \\n\\nCoefficients:\\n            Estimate Std\. Error z value Pr\(>\|z\|\)    \\n\(Intercept\)  -1\.1071     0\.4392  -2\.521   0\.0117 \*  \\ntrt          -0\.1440     0\.2760  -0\.522   0\.6018    \\nbili          0\.1189     0\.0305   3\.898 0\.000097 \*\*\*\\n---\\nSignif\. codes:  0 '\*\*\*' 0\.001 '\*\*' 0\.01 '\*' 0\.05 '\.' 0\.1 ' ' 1\\n\\n\(Dispersion parameter for binomial family taken to be 1\)\\n\\n    Null deviance: 332\.32  on 275  degrees of freedom\\nResidual deviance: 314\.69  on 273  degrees of freedom\\nAIC: 320\.69\\n\\nNumber of Fisher Scoring iterations: 4\\n\\n### Mediation analysis \\n             est    SE\(est\)          Z         p\\ncde  -0\.14403023 0\.27604401 -0\.5217655 0\.3009168\\npnde -0\.14403023 0\.27604401 -0\.5217655 0\.3009168\\ntnie  0\.08836967 0\.06955445  1\.2705108 0\.8980486\\ntnde -0\.14403023 0\.27604401 -0\.5217655 0\.3009168\\npnie  0\.08836967 0\.06955445  1\.2705108 0\.8980486\\nte   -0\.05566056 0\.28289358 -0\.1967544 0\.4220099\\npm   -1\.47762819         NA         NA        NA"

test-08_regmedint_class_user_methods.R:110: failure: summary.regmedint: prints evaluation information
`summary\(fit_regmedint\)` does not match "^a0 (reference value of avar)  = ".
Actual value: "### Mediator model\\n\\nCall:\\nlm\(formula = bili ~ trt, data = data\)\\n\\nResiduals:\\n    Min      1Q  Median      3Q     Max \\n-3\.4000 -2\.5000 -1\.7000  0\.4434 24\.3000 \\n\\nCoefficients:\\n            Estimate Std\. Error t value Pr\(>\|t\|\)  \\n\(Intercept\)   2\.2132     0\.8784   2\.520   0\.0123 \*\\ntrt           0\.7434     0\.5532   1\.344   0\.1801  \\n---\\nSignif\. codes:  0 '\*\*\*' 0\.001 '\*\*' 0\.01 '\*' 0\.05 '\.' 0\.1 ' ' 1\\n\\nResidual standard error: 4\.594 on 274 degrees of freedom\\nMultiple R-squared:  0\.006548,\\tAdjusted R-squared:  0\.002923 \\nF-statistic: 1\.806 on 1 and 274 DF,  p-value: 0\.1801\\n\\n### Outcome model\\n\\nCall:\\nglm\(formula = spiders ~ trt \+ bili, family = binomial\(link = "logit"\), \\n    data = data\)\\n\\nDeviance Residuals: \\n    Min       1Q   Median       3Q      Max  \\n-2\.0340  -0\.7631  -0\.7128   1\.1039   1\.7662  \\n\\nCoefficients:\\n            Estimate Std\. Error z value Pr\(>\|z\|\)    \\n\(Intercept\)  -1\.1071     0\.4392  -2\.521   0\.0117 \*  \\ntrt          -0\.1440     0\.2760  -0\.522   0\.6018    \\nbili          0\.1189     0\.0305   3\.898 0\.000097 \*\*\*\\n---\\nSignif\. codes:  0 '\*\*\*' 0\.001 '\*\*' 0\.01 '\*' 0\.05 '\.' 0\.1 ' ' 1\\n\\n\(Dispersion parameter for binomial family taken to be 1\)\\n\\n    Null deviance: 332\.32  on 275  degrees of freedom\\nResidual deviance: 314\.69  on 273  degrees of freedom\\nAIC: 320\.69\\n\\nNumber of Fisher Scoring iterations: 4\\n\\n### Mediation analysis \\n             est    SE\(est\)          Z         p\\ncde  -0\.14403023 0\.27604401 -0\.5217655 0\.3009168\\npnde -0\.14403023 0\.27604401 -0\.5217655 0\.3009168\\ntnie  0\.08836967 0\.06955445  1\.2705108 0\.8980486\\ntnde -0\.14403023 0\.27604401 -0\.5217655 0\.3009168\\npnie  0\.08836967 0\.06955445  1\.2705108 0\.8980486\\nte   -0\.05566056 0\.28289358 -0\.1967544 0\.4220099\\npm   -1\.47762819         NA         NA        NA"

test-08_regmedint_class_user_methods.R:112: failure: summary.regmedint: prints evaluation information
`summary\(fit_regmedint\)` does not match "^m_cde (intervend value of mvar for cde) = ".
Actual value: "### Mediator model\\n\\nCall:\\nlm\(formula = bili ~ trt, data = data\)\\n\\nResiduals:\\n    Min      1Q  Median      3Q     Max \\n-3\.4000 -2\.5000 -1\.7000  0\.4434 24\.3000 \\n\\nCoefficients:\\n            Estimate Std\. Error t value Pr\(>\|t\|\)  \\n\(Intercept\)   2\.2132     0\.8784   2\.520   0\.0123 \*\\ntrt           0\.7434     0\.5532   1\.344   0\.1801  \\n---\\nSignif\. codes:  0 '\*\*\*' 0\.001 '\*\*' 0\.01 '\*' 0\.05 '\.' 0\.1 ' ' 1\\n\\nResidual standard error: 4\.594 on 274 degrees of freedom\\nMultiple R-squared:  0\.006548,\\tAdjusted R-squared:  0\.002923 \\nF-statistic: 1\.806 on 1 and 274 DF,  p-value: 0\.1801\\n\\n### Outcome model\\n\\nCall:\\nglm\(formula = spiders ~ trt \+ bili, family = binomial\(link = "logit"\), \\n    data = data\)\\n\\nDeviance Residuals: \\n    Min       1Q   Median       3Q      Max  \\n-2\.0340  -0\.7631  -0\.7128   1\.1039   1\.7662  \\n\\nCoefficients:\\n            Estimate Std\. Error z value Pr\(>\|z\|\)    \\n\(Intercept\)  -1\.1071     0\.4392  -2\.521   0\.0117 \*  \\ntrt          -0\.1440     0\.2760  -0\.522   0\.6018    \\nbili          0\.1189     0\.0305   3\.898 0\.000097 \*\*\*\\n---\\nSignif\. codes:  0 '\*\*\*' 0\.001 '\*\*' 0\.01 '\*' 0\.05 '\.' 0\.1 ' ' 1\\n\\n\(Dispersion parameter for binomial family taken to be 1\)\\n\\n    Null deviance: 332\.32  on 275  degrees of freedom\\nResidual deviance: 314\.69  on 273  degrees of freedom\\nAIC: 320\.69\\n\\nNumber of Fisher Scoring iterations: 4\\n\\n### Mediation analysis \\n             est    SE\(est\)          Z         p\\ncde  -0\.14403023 0\.27604401 -0\.5217655 0\.3009168\\npnde -0\.14403023 0\.27604401 -0\.5217655 0\.3009168\\ntnie  0\.08836967 0\.06955445  1\.2705108 0\.8980486\\ntnde -0\.14403023 0\.27604401 -0\.5217655 0\.3009168\\npnie  0\.08836967 0\.06955445  1\.2705108 0\.8980486\\nte   -0\.05566056 0\.28289358 -0\.1967544 0\.4220099\\npm   -1\.47762819         NA         NA        NA"

test-08_regmedint_class_user_methods.R:114: failure: summary.regmedint: prints evaluation information
`summary\(fit_regmedint\)` does not match "^c_cond (covariate vector value) =\n$".
Actual value: "### Mediator model\\n\\nCall:\\nlm\(formula = bili ~ trt, data = data\)\\n\\nResiduals:\\n    Min      1Q  Median      3Q     Max \\n-3\.4000 -2\.5000 -1\.7000  0\.4434 24\.3000 \\n\\nCoefficients:\\n            Estimate Std\. Error t value Pr\(>\|t\|\)  \\n\(Intercept\)   2\.2132     0\.8784   2\.520   0\.0123 \*\\ntrt           0\.7434     0\.5532   1\.344   0\.1801  \\n---\\nSignif\. codes:  0 '\*\*\*' 0\.001 '\*\*' 0\.01 '\*' 0\.05 '\.' 0\.1 ' ' 1\\n\\nResidual standard error: 4\.594 on 274 degrees of freedom\\nMultiple R-squared:  0\.006548,\\tAdjusted R-squared:  0\.002923 \\nF-statistic: 1\.806 on 1 and 274 DF,  p-value: 0\.1801\\n\\n### Outcome model\\n\\nCall:\\nglm\(formula = spiders ~ trt \+ bili, family = binomial\(link = "logit"\), \\n    data = data\)\\n\\nDeviance Residuals: \\n    Min       1Q   Median       3Q      Max  \\n-2\.0340  -0\.7631  -0\.7128   1\.1039   1\.7662  \\n\\nCoefficients:\\n            Estimate Std\. Error z value Pr\(>\|z\|\)    \\n\(Intercept\)  -1\.1071     0\.4392  -2\.521   0\.0117 \*  \\ntrt          -0\.1440     0\.2760  -0\.522   0\.6018    \\nbili          0\.1189     0\.0305   3\.898 0\.000097 \*\*\*\\n---\\nSignif\. codes:  0 '\*\*\*' 0\.001 '\*\*' 0\.01 '\*' 0\.05 '\.' 0\.1 ' ' 1\\n\\n\(Dispersion parameter for binomial family taken to be 1\)\\n\\n    Null deviance: 332\.32  on 275  degrees of freedom\\nResidual deviance: 314\.69  on 273  degrees of freedom\\nAIC: 320\.69\\n\\nNumber of Fisher Scoring iterations: 4\\n\\n### Mediation analysis \\n             est    SE\(est\)          Z         p\\ncde  -0\.14403023 0\.27604401 -0\.5217655 0\.3009168\\npnde -0\.14403023 0\.27604401 -0\.5217655 0\.3009168\\ntnie  0\.08836967 0\.06955445  1\.2705108 0\.8980486\\ntnde -0\.14403023 0\.27604401 -0\.5217655 0\.3009168\\npnie  0\.08836967 0\.06955445  1\.2705108 0\.8980486\\nte   -0\.05566056 0\.28289358 -0\.1967544 0\.4220099\\npm   -1\.47762819         NA         NA        NA"

test-08_regmedint_class_user_methods.R:116: failure: summary.regmedint: prints evaluation information
`summary\(fit_regmedint\)` does not match "^Note that effect estimates do not vary over m_cde and c_cond values when interaction = FALSE.".
Actual value: "### Mediator model\\n\\nCall:\\nlm\(formula = bili ~ trt, data = data\)\\n\\nResiduals:\\n    Min      1Q  Median      3Q     Max \\n-3\.4000 -2\.5000 -1\.7000  0\.4434 24\.3000 \\n\\nCoefficients:\\n            Estimate Std\. Error t value Pr\(>\|t\|\)  \\n\(Intercept\)   2\.2132     0\.8784   2\.520   0\.0123 \*\\ntrt           0\.7434     0\.5532   1\.344   0\.1801  \\n---\\nSignif\. codes:  0 '\*\*\*' 0\.001 '\*\*' 0\.01 '\*' 0\.05 '\.' 0\.1 ' ' 1\\n\\nResidual standard error: 4\.594 on 274 degrees of freedom\\nMultiple R-squared:  0\.006548,\\tAdjusted R-squared:  0\.002923 \\nF-statistic: 1\.806 on 1 and 274 DF,  p-value: 0\.1801\\n\\n### Outcome model\\n\\nCall:\\nglm\(formula = spiders ~ trt \+ bili, family = binomial\(link = "logit"\), \\n    data = data\)\\n\\nDeviance Residuals: \\n    Min       1Q   Median       3Q      Max  \\n-2\.0340  -0\.7631  -0\.7128   1\.1039   1\.7662  \\n\\nCoefficients:\\n            Estimate Std\. Error z value Pr\(>\|z\|\)    \\n\(Intercept\)  -1\.1071     0\.4392  -2\.521   0\.0117 \*  \\ntrt          -0\.1440     0\.2760  -0\.522   0\.6018    \\nbili          0\.1189     0\.0305   3\.898 0\.000097 \*\*\*\\n---\\nSignif\. codes:  0 '\*\*\*' 0\.001 '\*\*' 0\.01 '\*' 0\.05 '\.' 0\.1 ' ' 1\\n\\n\(Dispersion parameter for binomial family taken to be 1\)\\n\\n    Null deviance: 332\.32  on 275  degrees of freedom\\nResidual deviance: 314\.69  on 273  degrees of freedom\\nAIC: 320\.69\\n\\nNumber of Fisher Scoring iterations: 4\\n\\n### Mediation analysis \\n             est    SE\(est\)          Z         p\\ncde  -0\.14403023 0\.27604401 -0\.5217655 0\.3009168\\npnde -0\.14403023 0\.27604401 -0\.5217655 0\.3009168\\ntnie  0\.08836967 0\.06955445  1\.2705108 0\.8980486\\ntnde -0\.14403023 0\.27604401 -0\.5217655 0\.3009168\\npnie  0\.08836967 0\.06955445  1\.2705108 0\.8980486\\nte   -0\.05566056 0\.28289358 -0\.1967544 0\.4220099\\npm   -1\.47762819         NA         NA        NA"

test-08_regmedint_class_user_methods.R:118: failure: summary.regmedint: prints evaluation information
`summary\(fit_regmedint_int\)` does not match "^Note that effect estimates can vary over m_cde and c_cond values when interaction = TRUE.".
Actual value: "### Mediator model\\n\\nCall:\\nlm\(formula = bili ~ trt, data = data\)\\n\\nResiduals:\\n    Min      1Q  Median      3Q     Max \\n-3\.4000 -2\.5000 -1\.7000  0\.4434 24\.3000 \\n\\nCoefficients:\\n            Estimate Std\. Error t value Pr\(>\|t\|\)  \\n\(Intercept\)   2\.2132     0\.8784   2\.520   0\.0123 \*\\ntrt           0\.7434     0\.5532   1\.344   0\.1801  \\n---\\nSignif\. codes:  0 '\*\*\*' 0\.001 '\*\*' 0\.01 '\*' 0\.05 '\.' 0\.1 ' ' 1\\n\\nResidual standard error: 4\.594 on 274 degrees of freedom\\nMultiple R-squared:  0\.006548,\\tAdjusted R-squared:  0\.002923 \\nF-statistic: 1\.806 on 1 and 274 DF,  p-value: 0\.1801\\n\\n### Outcome model\\n\\nCall:\\nglm\(formula = spiders ~ trt \* bili, family = binomial\(link = "logit"\), \\n    data = data\)\\n\\nDeviance Residuals: \\n    Min       1Q   Median       3Q      Max  \\n-2\.0109  -0\.7534  -0\.7162   1\.0662   1\.7878  \\n\\nCoefficients:\\n            Estimate Std\. Error z value Pr\(>\|z\|\)   \\n\(Intercept\) -1\.65730    0\.58884  -2\.815  0\.00488 \*\*\\ntrt          0\.19162    0\.36010   0\.532  0\.59463   \\nbili         0\.28496    0\.12308   2\.315  0\.02060 \* \\ntrt:bili    -0\.09806    0\.06849  -1\.432  0\.15222   \\n---\\nSignif\. codes:  0 '\*\*\*' 0\.001 '\*\*' 0\.01 '\*' 0\.05 '\.' 0\.1 ' ' 1\\n\\n\(Dispersion parameter for binomial family taken to be 1\)\\n\\n    Null deviance: 332\.32  on 275  degrees of freedom\\nResidual deviance: 312\.50  on 272  degrees of freedom\\nAIC: 320\.5\\n\\nNumber of Fisher Scoring iterations: 4\\n\\n### Mediation analysis \\n             est    SE\(est\)          Z         p\\ncde   0\.19162128 0\.36009559  0\.5321400 0\.7026855\\npnde -0\.38366187 0\.36083299 -1\.0632672 0\.1438304\\ntnie  0\.06604168 0\.05550351  1\.1898650 0\.8829503\\ntnde -0\.45655665 0\.39228886 -1\.1638277 0\.1222469\\npnie  0\.13893646 0\.11231421  1\.2370336 0\.8919627\\nte   -0\.31762020 0\.37053496 -0\.8571936 0\.1956689\\npm   -0\.17094397         NA         NA        NA"

test-08_regmedint_class_user_methods.R:138: failure: confint.regmedint: creates the lower column less than the upper column
all(...) isn't true.
────────────────────────────────────────────────────────────────────────────────────────────────────────────────────────
⠏ |   0       | 09_cross_check_with_sas_macro⠧ |   8       | 09_cross_check_with_sas_macro⠙ |  81   1   | 09_cross_check_with_sas_macro⠹ |  81   2   | 09_cross_check_with_sas_macro⠸ |  81   3   | 09_cross_check_with_sas_macro⠸ |  81   23   | 09_cross_check_with_sas_macro⠙ |  81   41   | 09_cross_check_with_sas_macro⠧ |  81   57   | 09_cross_check_with_sas_macro⠙ |  81   61   | 09_cross_check_with_sas_macro⠏ |  81   89   | 09_cross_check_with_sas_macro⠴ |  97 15 124   | 09_cross_check_with_sas_macro✖ |  97 82 127   | 09_cross_check_with_sas_macro [1.7 s]
────────────────────────────────────────────────────────────────────────────────────────────────────────────────────────
test-09_cross_check_with_sas_macro.R:165: warning: (unknown)
Length of logical index must be 1 or 276, not 12

test-09_cross_check_with_sas_macro.R:165: warning: (unknown)
Length of logical index must be 1 or 276, not 12

test-09_cross_check_with_sas_macro.R:165: warning: (unknown)
Length of logical index must be 1 or 276, not 12

test-09_cross_check_with_sas_macro.R:165: warning: (unknown)
Length of logical index must be 1 or 276, not 12

test-09_cross_check_with_sas_macro.R:165: warning: (unknown)
iteration limit reached

test-09_cross_check_with_sas_macro.R:165: warning: (unknown)
iteration limit reached

test-09_cross_check_with_sas_macro.R:165: warning: (unknown)
iteration limit reached

test-09_cross_check_with_sas_macro.R:165: warning: (unknown)
iteration limit reached

test-09_cross_check_with_sas_macro.R:165: warning: (unknown)
iteration limit reached

test-09_cross_check_with_sas_macro.R:165: warning: (unknown)
iteration limit reached

test-09_cross_check_with_sas_macro.R:165: warning: (unknown)
iteration limit reached

test-09_cross_check_with_sas_macro.R:165: warning: (unknown)
iteration limit reached

test-09_cross_check_with_sas_macro.R:165: warning: (unknown)
iteration limit reached

test-09_cross_check_with_sas_macro.R:165: warning: (unknown)
iteration limit reached

test-09_cross_check_with_sas_macro.R:165: warning: (unknown)
iteration limit reached

test-09_cross_check_with_sas_macro.R:165: warning: (unknown)
iteration limit reached

test-09_cross_check_with_sas_macro.R:165: warning: (unknown)
iteration limit reached

test-09_cross_check_with_sas_macro.R:165: warning: (unknown)
iteration limit reached

test-09_cross_check_with_sas_macro.R:165: warning: (unknown)
iteration limit reached

test-09_cross_check_with_sas_macro.R:165: warning: (unknown)
iteration limit reached

test-09_cross_check_with_sas_macro.R:165: warning: (unknown)
iteration limit reached

test-09_cross_check_with_sas_macro.R:165: warning: (unknown)
iteration limit reached

test-09_cross_check_with_sas_macro.R:165: warning: (unknown)
iteration limit reached

test-09_cross_check_with_sas_macro.R:165: warning: (unknown)
iteration limit reached

test-09_cross_check_with_sas_macro.R:165: warning: (unknown)
iteration limit reached

test-09_cross_check_with_sas_macro.R:165: warning: (unknown)
iteration limit reached

test-09_cross_check_with_sas_macro.R:165: warning: (unknown)
iteration limit reached

test-09_cross_check_with_sas_macro.R:165: warning: (unknown)
iteration limit reached

test-09_cross_check_with_sas_macro.R:165: warning: (unknown)
iteration limit reached

test-09_cross_check_with_sas_macro.R:165: warning: (unknown)
iteration limit reached

test-09_cross_check_with_sas_macro.R:165: warning: (unknown)
iteration limit reached

test-09_cross_check_with_sas_macro.R:165: warning: (unknown)
iteration limit reached

test-09_cross_check_with_sas_macro.R:165: warning: (unknown)
iteration limit reached

test-09_cross_check_with_sas_macro.R:165: warning: (unknown)
iteration limit reached

test-09_cross_check_with_sas_macro.R:165: warning: (unknown)
iteration limit reached

test-09_cross_check_with_sas_macro.R:165: warning: (unknown)
iteration limit reached

test-09_cross_check_with_sas_macro.R:165: warning: (unknown)
iteration limit reached

test-09_cross_check_with_sas_macro.R:165: warning: (unknown)
iteration limit reached

test-09_cross_check_with_sas_macro.R:165: warning: (unknown)
iteration limit reached

test-09_cross_check_with_sas_macro.R:165: warning: (unknown)
iteration limit reached

test-09_cross_check_with_sas_macro.R:165: warning: (unknown)
iteration limit reached

test-09_cross_check_with_sas_macro.R:165: warning: (unknown)
iteration limit reached

test-09_cross_check_with_sas_macro.R:165: warning: (unknown)
iteration limit reached

test-09_cross_check_with_sas_macro.R:165: warning: (unknown)
iteration limit reached

test-09_cross_check_with_sas_macro.R:165: warning: (unknown)
iteration limit reached

test-09_cross_check_with_sas_macro.R:165: warning: (unknown)
iteration limit reached

test-09_cross_check_with_sas_macro.R:165: warning: (unknown)
iteration limit reached

test-09_cross_check_with_sas_macro.R:165: warning: (unknown)
iteration limit reached

test-09_cross_check_with_sas_macro.R:165: warning: (unknown)
iteration limit reached

test-09_cross_check_with_sas_macro.R:165: warning: (unknown)
iteration limit reached

test-09_cross_check_with_sas_macro.R:165: warning: (unknown)
iteration limit reached

test-09_cross_check_with_sas_macro.R:165: warning: (unknown)
iteration limit reached

test-09_cross_check_with_sas_macro.R:165: warning: (unknown)
iteration limit reached

test-09_cross_check_with_sas_macro.R:165: warning: (unknown)
iteration limit reached

test-09_cross_check_with_sas_macro.R:165: warning: (unknown)
iteration limit reached

test-09_cross_check_with_sas_macro.R:165: warning: (unknown)
alternation limit reached

test-09_cross_check_with_sas_macro.R:165: warning: (unknown)
Length of logical index must be 1 or 276, not 12

test-09_cross_check_with_sas_macro.R:165: warning: (unknown)
Length of logical index must be 1 or 276, not 12

test-09_cross_check_with_sas_macro.R:165: warning: (unknown)
Length of logical index must be 1 or 276, not 12

test-09_cross_check_with_sas_macro.R:165: warning: (unknown)
Length of logical index must be 1 or 276, not 12

test-09_cross_check_with_sas_macro.R:165: warning: (unknown)
the condition has length > 1 and only the first element will be used

test-09_cross_check_with_sas_macro.R:165: warning: (unknown)
the condition has length > 1 and only the first element will be used

test-09_cross_check_with_sas_macro.R:165: warning: (unknown)
the condition has length > 1 and only the first element will be used

test-09_cross_check_with_sas_macro.R:165: warning: (unknown)
the condition has length > 1 and only the first element will be used

test-09_cross_check_with_sas_macro.R:165: warning: (unknown)
the condition has length > 1 and only the first element will be used

test-09_cross_check_with_sas_macro.R:165: warning: (unknown)
the condition has length > 1 and only the first element will be used

test-09_cross_check_with_sas_macro.R:165: warning: (unknown)
the condition has length > 1 and only the first element will be used

test-09_cross_check_with_sas_macro.R:165: warning: (unknown)
the condition has length > 1 and only the first element will be used

test-09_cross_check_with_sas_macro.R:165: warning: (unknown)
the condition has length > 1 and only the first element will be used

test-09_cross_check_with_sas_macro.R:165: warning: (unknown)
the condition has length > 1 and only the first element will be used

test-09_cross_check_with_sas_macro.R:165: warning: (unknown)
the condition has length > 1 and only the first element will be used

test-09_cross_check_with_sas_macro.R:165: warning: (unknown)
the condition has length > 1 and only the first element will be used

test-09_cross_check_with_sas_macro.R:165: warning: (unknown)
the condition has length > 1 and only the first element will be used

test-09_cross_check_with_sas_macro.R:165: warning: (unknown)
the condition has length > 1 and only the first element will be used

test-09_cross_check_with_sas_macro.R:165: warning: (unknown)
the condition has length > 1 and only the first element will be used

test-09_cross_check_with_sas_macro.R:165: warning: (unknown)
the condition has length > 1 and only the first element will be used

test-09_cross_check_with_sas_macro.R:165: warning: (unknown)
the condition has length > 1 and only the first element will be used

test-09_cross_check_with_sas_macro.R:165: warning: (unknown)
the condition has length > 1 and only the first element will be used

test-09_cross_check_with_sas_macro.R:165: warning: (unknown)
the condition has length > 1 and only the first element will be used

test-09_cross_check_with_sas_macro.R:165: warning: (unknown)
the condition has length > 1 and only the first element will be used

test-09_cross_check_with_sas_macro.R:165: warning: (unknown)
the condition has length > 1 and only the first element will be used

test-09_cross_check_with_sas_macro.R:165: warning: (unknown)
the condition has length > 1 and only the first element will be used

test-09_cross_check_with_sas_macro.R:165: warning: (unknown)
the condition has length > 1 and only the first element will be used

test-09_cross_check_with_sas_macro.R:165: warning: (unknown)
the condition has length > 1 and only the first element will be used

test-09_cross_check_with_sas_macro.R:165: warning: (unknown)
the condition has length > 1 and only the first element will be used

test-09_cross_check_with_sas_macro.R:165: warning: (unknown)
the condition has length > 1 and only the first element will be used

test-09_cross_check_with_sas_macro.R:165: warning: (unknown)
the condition has length > 1 and only the first element will be used

test-09_cross_check_with_sas_macro.R:165: warning: (unknown)
the condition has length > 1 and only the first element will be used

test-09_cross_check_with_sas_macro.R:165: warning: (unknown)
the condition has length > 1 and only the first element will be used

test-09_cross_check_with_sas_macro.R:165: warning: (unknown)
the condition has length > 1 and only the first element will be used

test-09_cross_check_with_sas_macro.R:165: warning: (unknown)
the condition has length > 1 and only the first element will be used

test-09_cross_check_with_sas_macro.R:165: warning: (unknown)
the condition has length > 1 and only the first element will be used

test-09_cross_check_with_sas_macro.R:165: warning: (unknown)
the condition has length > 1 and only the first element will be used

test-09_cross_check_with_sas_macro.R:165: warning: (unknown)
the condition has length > 1 and only the first element will be used

test-09_cross_check_with_sas_macro.R:165: warning: (unknown)
the condition has length > 1 and only the first element will be used

test-09_cross_check_with_sas_macro.R:165: warning: (unknown)
the condition has length > 1 and only the first element will be used

test-09_cross_check_with_sas_macro.R:165: warning: (unknown)
the condition has length > 1 and only the first element will be used

test-09_cross_check_with_sas_macro.R:165: warning: (unknown)
the condition has length > 1 and only the first element will be used

test-09_cross_check_with_sas_macro.R:165: warning: (unknown)
the condition has length > 1 and only the first element will be used

test-09_cross_check_with_sas_macro.R:165: warning: (unknown)
the condition has length > 1 and only the first element will be used

test-09_cross_check_with_sas_macro.R:165: warning: (unknown)
the condition has length > 1 and only the first element will be used

test-09_cross_check_with_sas_macro.R:165: warning: (unknown)
the condition has length > 1 and only the first element will be used

test-09_cross_check_with_sas_macro.R:165: warning: (unknown)
the condition has length > 1 and only the first element will be used

test-09_cross_check_with_sas_macro.R:165: warning: (unknown)
the condition has length > 1 and only the first element will be used

test-09_cross_check_with_sas_macro.R:165: warning: (unknown)
the condition has length > 1 and only the first element will be used

test-09_cross_check_with_sas_macro.R:165: warning: (unknown)
the condition has length > 1 and only the first element will be used

test-09_cross_check_with_sas_macro.R:165: warning: (unknown)
the condition has length > 1 and only the first element will be used

test-09_cross_check_with_sas_macro.R:165: warning: (unknown)
the condition has length > 1 and only the first element will be used

test-09_cross_check_with_sas_macro.R:165: warning: (unknown)
the condition has length > 1 and only the first element will be used

test-09_cross_check_with_sas_macro.R:165: warning: (unknown)
the condition has length > 1 and only the first element will be used

test-09_cross_check_with_sas_macro.R:165: warning: (unknown)
the condition has length > 1 and only the first element will be used

test-09_cross_check_with_sas_macro.R:165: warning: (unknown)
the condition has length > 1 and only the first element will be used

test-09_cross_check_with_sas_macro.R:165: warning: (unknown)
the condition has length > 1 and only the first element will be used

test-09_cross_check_with_sas_macro.R:165: warning: (unknown)
the condition has length > 1 and only the first element will be used

test-09_cross_check_with_sas_macro.R:165: warning: (unknown)
the condition has length > 1 and only the first element will be used

test-09_cross_check_with_sas_macro.R:165: warning: (unknown)
the condition has length > 1 and only the first element will be used

test-09_cross_check_with_sas_macro.R:165: warning: (unknown)
the condition has length > 1 and only the first element will be used

test-09_cross_check_with_sas_macro.R:165: warning: (unknown)
the condition has length > 1 and only the first element will be used

test-09_cross_check_with_sas_macro.R:165: warning: (unknown)
the condition has length > 1 and only the first element will be used

test-09_cross_check_with_sas_macro.R:165: warning: (unknown)
the condition has length > 1 and only the first element will be used

test-09_cross_check_with_sas_macro.R:165: warning: (unknown)
the condition has length > 1 and only the first element will be used

test-09_cross_check_with_sas_macro.R:165: warning: (unknown)
the condition has length > 1 and only the first element will be used

test-09_cross_check_with_sas_macro.R:165: warning: (unknown)
the condition has length > 1 and only the first element will be used

test-09_cross_check_with_sas_macro.R:165: warning: (unknown)
the condition has length > 1 and only the first element will be used

test-09_cross_check_with_sas_macro.R:311: failure: Index 4: File sas-mreg_linear_yreg_logistic_int_f_caco_t_ncvar3.sas equivalent fits ok
class(res)[[1]] not equal to "regmedint".
1/1 mismatches
x[1]: "try-error"
y[1]: "regmedint"

test-09_cross_check_with_sas_macro.R:311: failure: Index 6: File sas-mreg_linear_yreg_logistic_int_t_caco_t_ncvar3.sas equivalent fits ok
class(res)[[1]] not equal to "regmedint".
1/1 mismatches
x[1]: "try-error"
y[1]: "regmedint"

test-09_cross_check_with_sas_macro.R:311: failure: Index 8: File sas-mreg_linear_yreg_loglinear_int_f_caco_t_ncvar3.sas equivalent fits ok
class(res)[[1]] not equal to "regmedint".
1/1 mismatches
x[1]: "try-error"
y[1]: "regmedint"

test-09_cross_check_with_sas_macro.R:311: failure: Index 10: File sas-mreg_linear_yreg_loglinear_int_t_caco_t_ncvar3.sas equivalent fits ok
class(res)[[1]] not equal to "regmedint".
1/1 mismatches
x[1]: "try-error"
y[1]: "regmedint"

test-09_cross_check_with_sas_macro.R:311: failure: Index 21: File sas-mreg_logistic_yreg_linear_int_f_caco_f_ncvar3.sas equivalent fits ok
class(res)[[1]] not equal to "regmedint".
1/1 mismatches
x[1]: "try-error"
y[1]: "regmedint"

test-09_cross_check_with_sas_macro.R:311: failure: Index 22: File sas-mreg_logistic_yreg_linear_int_t_caco_f_ncvar3.sas equivalent fits ok
class(res)[[1]] not equal to "regmedint".
1/1 mismatches
x[1]: "try-error"
y[1]: "regmedint"

test-09_cross_check_with_sas_macro.R:311: failure: Index 23: File sas-mreg_logistic_yreg_logistic_int_f_caco_f_ncvar3.sas equivalent fits ok
class(res)[[1]] not equal to "regmedint".
1/1 mismatches
x[1]: "try-error"
y[1]: "regmedint"

test-09_cross_check_with_sas_macro.R:311: failure: Index 24: File sas-mreg_logistic_yreg_logistic_int_f_caco_t_ncvar3.sas equivalent fits ok
class(res)[[1]] not equal to "regmedint".
1/1 mismatches
x[1]: "try-error"
y[1]: "regmedint"

test-09_cross_check_with_sas_macro.R:311: failure: Index 25: File sas-mreg_logistic_yreg_logistic_int_t_caco_f_ncvar3.sas equivalent fits ok
class(res)[[1]] not equal to "regmedint".
1/1 mismatches
x[1]: "try-error"
y[1]: "regmedint"

test-09_cross_check_with_sas_macro.R:311: failure: Index 26: File sas-mreg_logistic_yreg_logistic_int_t_caco_t_ncvar3.sas equivalent fits ok
class(res)[[1]] not equal to "regmedint".
1/1 mismatches
x[1]: "try-error"
y[1]: "regmedint"

test-09_cross_check_with_sas_macro.R:311: failure: Index 27: File sas-mreg_logistic_yreg_loglinear_int_f_caco_f_ncvar3.sas equivalent fits ok
class(res)[[1]] not equal to "regmedint".
1/1 mismatches
x[1]: "try-error"
y[1]: "regmedint"

test-09_cross_check_with_sas_macro.R:311: failure: Index 28: File sas-mreg_logistic_yreg_loglinear_int_f_caco_t_ncvar3.sas equivalent fits ok
class(res)[[1]] not equal to "regmedint".
1/1 mismatches
x[1]: "try-error"
y[1]: "regmedint"

test-09_cross_check_with_sas_macro.R:311: failure: Index 29: File sas-mreg_logistic_yreg_loglinear_int_t_caco_f_ncvar3.sas equivalent fits ok
class(res)[[1]] not equal to "regmedint".
1/1 mismatches
x[1]: "try-error"
y[1]: "regmedint"

test-09_cross_check_with_sas_macro.R:311: failure: Index 30: File sas-mreg_logistic_yreg_loglinear_int_t_caco_t_ncvar3.sas equivalent fits ok
class(res)[[1]] not equal to "regmedint".
1/1 mismatches
x[1]: "try-error"
y[1]: "regmedint"

test-09_cross_check_with_sas_macro.R:311: failure: Index 31: File sas-mreg_logistic_yreg_negbin_int_f_caco_f_ncvar3.sas equivalent fits ok
class(res)[[1]] not equal to "regmedint".
1/1 mismatches
x[1]: "try-error"
y[1]: "regmedint"

test-09_cross_check_with_sas_macro.R:311: failure: Index 32: File sas-mreg_logistic_yreg_negbin_int_t_caco_f_ncvar3.sas equivalent fits ok
class(res)[[1]] not equal to "regmedint".
1/1 mismatches
x[1]: "try-error"
y[1]: "regmedint"

test-09_cross_check_with_sas_macro.R:311: failure: Index 33: File sas-mreg_logistic_yreg_poisson_int_f_caco_f_ncvar3.sas equivalent fits ok
class(res)[[1]] not equal to "regmedint".
1/1 mismatches
x[1]: "try-error"
y[1]: "regmedint"

test-09_cross_check_with_sas_macro.R:311: failure: Index 34: File sas-mreg_logistic_yreg_poisson_int_t_caco_f_ncvar3.sas equivalent fits ok
class(res)[[1]] not equal to "regmedint".
1/1 mismatches
x[1]: "try-error"
y[1]: "regmedint"

test-09_cross_check_with_sas_macro.R:311: failure: Index 35: File sas-mreg_logistic_yreg_survAFT_exp_int_f_caco_f_ncvar3.sas equivalent fits ok
class(res)[[1]] not equal to "regmedint".
1/1 mismatches
x[1]: "try-error"
y[1]: "regmedint"

test-09_cross_check_with_sas_macro.R:311: failure: Index 36: File sas-mreg_logistic_yreg_survAFT_exp_int_t_caco_f_ncvar3.sas equivalent fits ok
class(res)[[1]] not equal to "regmedint".
1/1 mismatches
x[1]: "try-error"
y[1]: "regmedint"

test-09_cross_check_with_sas_macro.R:311: failure: Index 37: File sas-mreg_logistic_yreg_survAFT_weibull_int_f_caco_f_ncvar3.sas equivalent fits ok
class(res)[[1]] not equal to "regmedint".
1/1 mismatches
x[1]: "try-error"
y[1]: "regmedint"

test-09_cross_check_with_sas_macro.R:311: failure: Index 38: File sas-mreg_logistic_yreg_survAFT_weibull_int_t_caco_f_ncvar3.sas equivalent fits ok
class(res)[[1]] not equal to "regmedint".
1/1 mismatches
x[1]: "try-error"
y[1]: "regmedint"

test-09_cross_check_with_sas_macro.R:311: failure: Index 39: File sas-mreg_logistic_yreg_survCox_int_f_caco_f_ncvar3.sas equivalent fits ok
class(res)[[1]] not equal to "regmedint".
1/1 mismatches
x[1]: "try-error"
y[1]: "regmedint"

test-09_cross_check_with_sas_macro.R:311: failure: Index 40: File sas-mreg_logistic_yreg_survCox_int_t_caco_f_ncvar3.sas equivalent fits ok
class(res)[[1]] not equal to "regmedint".
1/1 mismatches
x[1]: "try-error"
y[1]: "regmedint"

test-09_cross_check_with_sas_macro.R:317: warning: (unknown)
the condition has length > 1 and only the first element will be used

test-09_cross_check_with_sas_macro.R:419: failure: coef match with sas-mreg_linear_yreg_linear_int_f_caco_f_ncvar3.sas
coef[["cde"]] not equal to sas_estimate[["cde=nde"]].
1/1 mismatches
[1] -98.1 - -98.1 == 0.0000381

test-09_cross_check_with_sas_macro.R:420: failure: coef match with sas-mreg_linear_yreg_linear_int_f_caco_f_ncvar3.sas
coef[["pnde"]] not equal to sas_estimate[["cde=nde"]].
1/1 mismatches
[1] -98.1 - -98.1 == 0.0000381

test-09_cross_check_with_sas_macro.R:421: failure: coef match with sas-mreg_linear_yreg_linear_int_f_caco_f_ncvar3.sas
coef[["tnie"]] not equal to sas_estimate[["nie"]].
1/1 mismatches
[1] 41.2 - 41.2 == 0.0000417

test-09_cross_check_with_sas_macro.R:422: failure: coef match with sas-mreg_linear_yreg_linear_int_f_caco_f_ncvar3.sas
coef[["tnde"]] not equal to sas_estimate[["cde=nde"]].
1/1 mismatches
[1] -98.1 - -98.1 == 0.0000381

test-09_cross_check_with_sas_macro.R:423: failure: coef match with sas-mreg_linear_yreg_linear_int_f_caco_f_ncvar3.sas
coef[["pnie"]] not equal to sas_estimate[["nie"]].
1/1 mismatches
[1] 41.2 - 41.2 == 0.0000417

test-09_cross_check_with_sas_macro.R:424: failure: coef match with sas-mreg_linear_yreg_linear_int_f_caco_f_ncvar3.sas
coef[["te"]] not equal to sas_estimate[["te"]].
1/1 mismatches
[1] -56.9 - -56.9 == -0.0000202

test-09_cross_check_with_sas_macro.R:428: failure: p match with sas-mreg_linear_yreg_linear_int_f_caco_f_ncvar3.sas
p[["cde"]] not equal to sas_p[["cde=nde"]].
1/1 mismatches
[1] 0.352 - 0.705 == -0.352

test-09_cross_check_with_sas_macro.R:429: failure: p match with sas-mreg_linear_yreg_linear_int_f_caco_f_ncvar3.sas
p[["pnde"]] not equal to sas_p[["cde=nde"]].
1/1 mismatches
[1] 0.352 - 0.705 == -0.352

test-09_cross_check_with_sas_macro.R:430: failure: p match with sas-mreg_linear_yreg_linear_int_f_caco_f_ncvar3.sas
p[["tnie"]] not equal to sas_p[["nie"]].
1/1 mismatches
[1] 0.843 - 0.315 == 0.528

test-09_cross_check_with_sas_macro.R:431: failure: p match with sas-mreg_linear_yreg_linear_int_f_caco_f_ncvar3.sas
p[["tnde"]] not equal to sas_p[["cde=nde"]].
1/1 mismatches
[1] 0.352 - 0.705 == -0.352

test-09_cross_check_with_sas_macro.R:432: failure: p match with sas-mreg_linear_yreg_linear_int_f_caco_f_ncvar3.sas
p[["pnie"]] not equal to sas_p[["nie"]].
1/1 mismatches
[1] 0.843 - 0.315 == 0.528

test-09_cross_check_with_sas_macro.R:433: failure: p match with sas-mreg_linear_yreg_linear_int_f_caco_f_ncvar3.sas
p[["te"]] not equal to sas_p[["te"]].
1/1 mismatches
[1] 0.414 - 0.827 == -0.414

test-09_cross_check_with_sas_macro.R:437: failure: lower confint match with sas-mreg_linear_yreg_linear_int_f_caco_f_ncvar3.sas
lower[["cde"]] not equal to sas_lower[["cde=nde"]].
1/1 mismatches
[1] -605 - -605 == -0.000235

test-09_cross_check_with_sas_macro.R:438: failure: lower confint match with sas-mreg_linear_yreg_linear_int_f_caco_f_ncvar3.sas
lower[["pnde"]] not equal to sas_lower[["cde=nde"]].
1/1 mismatches
[1] -605 - -605 == -0.000235

test-09_cross_check_with_sas_macro.R:439: failure: lower confint match with sas-mreg_linear_yreg_linear_int_f_caco_f_ncvar3.sas
lower[["tnie"]] not equal to sas_lower[["nie"]].
1/1 mismatches
[1] -39.1 - -39.1 == -0.000473

test-09_cross_check_with_sas_macro.R:440: failure: lower confint match with sas-mreg_linear_yreg_linear_int_f_caco_f_ncvar3.sas
lower[["tnde"]] not equal to sas_lower[["cde=nde"]].
1/1 mismatches
[1] -605 - -605 == -0.000235

test-09_cross_check_with_sas_macro.R:441: failure: lower confint match with sas-mreg_linear_yreg_linear_int_f_caco_f_ncvar3.sas
lower[["pnie"]] not equal to sas_lower[["nie"]].
1/1 mismatches
[1] -39.1 - -39.1 == -0.000473

test-09_cross_check_with_sas_macro.R:442: failure: lower confint match with sas-mreg_linear_yreg_linear_int_f_caco_f_ncvar3.sas
lower[["te"]] not equal to sas_lower[["te"]].
1/1 mismatches
[1] -568 - -568 == -0.000448

test-09_cross_check_with_sas_macro.R:446: failure: upper confint match with sas-mreg_linear_yreg_linear_int_f_caco_f_ncvar3.sas
upper[["cde"]] not equal to sas_upper[["cde=nde"]].
1/1 mismatches
[1] 409 - 409 == 0.000111

test-09_cross_check_with_sas_macro.R:447: failure: upper confint match with sas-mreg_linear_yreg_linear_int_f_caco_f_ncvar3.sas
upper[["pnde"]] not equal to sas_upper[["cde=nde"]].
1/1 mismatches
[1] 409 - 409 == 0.000111

test-09_cross_check_with_sas_macro.R:448: failure: upper confint match with sas-mreg_linear_yreg_linear_int_f_caco_f_ncvar3.sas
upper[["tnie"]] not equal to sas_upper[["nie"]].
1/1 mismatches
[1] 122 - 122 == -0.000444

test-09_cross_check_with_sas_macro.R:449: failure: upper confint match with sas-mreg_linear_yreg_linear_int_f_caco_f_ncvar3.sas
upper[["tnde"]] not equal to sas_upper[["cde=nde"]].
1/1 mismatches
[1] 409 - 409 == 0.000111

test-09_cross_check_with_sas_macro.R:450: failure: upper confint match with sas-mreg_linear_yreg_linear_int_f_caco_f_ncvar3.sas
upper[["pnie"]] not equal to sas_upper[["nie"]].
1/1 mismatches
[1] 122 - 122 == -0.000444

test-09_cross_check_with_sas_macro.R:451: failure: upper confint match with sas-mreg_linear_yreg_linear_int_f_caco_f_ncvar3.sas
upper[["te"]] not equal to sas_upper[["te"]].
1/1 mismatches
[1] 454 - 454 == 0.000408

test-09_cross_check_with_sas_macro.R:317: warning: (unknown)
the condition has length > 1 and only the first element will be used

test-09_cross_check_with_sas_macro.R:340: failure: coef match with sas-mreg_linear_yreg_linear_int_t_caco_f_ncvar3.sas
coef[["cde"]] not equal to sas_estimate[["conditional_cde"]].
1/1 mismatches
[1] -198 - -198 == 0.000241

test-09_cross_check_with_sas_macro.R:341: failure: coef match with sas-mreg_linear_yreg_linear_int_t_caco_f_ncvar3.sas
coef[["pnde"]] not equal to sas_estimate[["conditional_pnde"]].
1/1 mismatches
[1] -190 - -190 == -0.000434

test-09_cross_check_with_sas_macro.R:342: failure: coef match with sas-mreg_linear_yreg_linear_int_t_caco_f_ncvar3.sas
coef[["tnie"]] not equal to sas_estimate[["conditional_tnie"]].
1/1 mismatches
[1] 49.2 - 49.2 == 0.0000648

test-09_cross_check_with_sas_macro.R:343: failure: coef match with sas-mreg_linear_yreg_linear_int_t_caco_f_ncvar3.sas
coef[["tnde"]] not equal to sas_estimate[["conditional_tnde"]].
1/1 mismatches
[1] -162 - -162 == -0.0000678

test-09_cross_check_with_sas_macro.R:344: failure: coef match with sas-mreg_linear_yreg_linear_int_t_caco_f_ncvar3.sas
coef[["pnie"]] not equal to sas_estimate[["conditional_pnie"]].
1/1 mismatches
[1] 21.7 - 21.7 == -0.000301

test-09_cross_check_with_sas_macro.R:345: failure: coef match with sas-mreg_linear_yreg_linear_int_t_caco_f_ncvar3.sas
coef[["te"]] not equal to sas_estimate[["conditional_te"]].
1/1 mismatches
[1] -141 - -141 == -0.000369

test-09_cross_check_with_sas_macro.R:349: failure: p match with sas-mreg_linear_yreg_linear_int_t_caco_f_ncvar3.sas
p[["cde"]] not equal to sas_p[["conditional_cde"]].
1/1 mismatches
[1] 0.249 - 0.497 == -0.249

test-09_cross_check_with_sas_macro.R:350: failure: p match with sas-mreg_linear_yreg_linear_int_t_caco_f_ncvar3.sas
p[["pnde"]] not equal to sas_p[["conditional_pnde"]].
1/1 mismatches
[1] 0.256 - 0.512 == -0.256

test-09_cross_check_with_sas_macro.R:351: failure: p match with sas-mreg_linear_yreg_linear_int_t_caco_f_ncvar3.sas
p[["tnie"]] not equal to sas_p[["conditional_tnie"]].
1/1 mismatches
[1] 0.843 - 0.359 == 0.485

test-09_cross_check_with_sas_macro.R:352: failure: p match with sas-mreg_linear_yreg_linear_int_t_caco_f_ncvar3.sas
p[["tnde"]] not equal to sas_p[["conditional_tnde"]].
1/1 mismatches
[1] 0.278 - 0.556 == -0.278

test-09_cross_check_with_sas_macro.R:353: failure: p match with sas-mreg_linear_yreg_linear_int_t_caco_f_ncvar3.sas
p[["pnie"]] not equal to sas_p[["conditional_pnie"]].
1/1 mismatches
[1] 0.721 - 0.558 == 0.163

test-09_cross_check_with_sas_macro.R:354: failure: p match with sas-mreg_linear_yreg_linear_int_t_caco_f_ncvar3.sas
p[["te"]] not equal to sas_p[["conditional_te"]].
1/1 mismatches
[1] 0.312 - 0.623 == -0.312

test-09_cross_check_with_sas_macro.R:358: failure: lower confint match with sas-mreg_linear_yreg_linear_int_t_caco_f_ncvar3.sas
lower[["cde"]] not equal to sas_lower[["conditional_cde"]].
1/1 mismatches
[1] -769 - -769 == -0.000276

test-09_cross_check_with_sas_macro.R:359: failure: lower confint match with sas-mreg_linear_yreg_linear_int_t_caco_f_ncvar3.sas
lower[["pnde"]] not equal to sas_lower[["conditional_pnde"]].
1/1 mismatches
[1] -757 - -757 == 0.000457

test-09_cross_check_with_sas_macro.R:360: failure: lower confint match with sas-mreg_linear_yreg_linear_int_t_caco_f_ncvar3.sas
lower[["tnie"]] not equal to sas_lower[["conditional_tnie"]].
1/1 mismatches
[1] -46.4 - -55.9 == 9.46

test-09_cross_check_with_sas_macro.R:361: failure: lower confint match with sas-mreg_linear_yreg_linear_int_t_caco_f_ncvar3.sas
lower[["tnde"]] not equal to sas_lower[["conditional_tnde"]].
1/1 mismatches
[1] -703 - -703 == -0.000155

test-09_cross_check_with_sas_macro.R:362: failure: lower confint match with sas-mreg_linear_yreg_linear_int_t_caco_f_ncvar3.sas
lower[["pnie"]] not equal to sas_lower[["conditional_pnie"]].
1/1 mismatches
[1] -50.9 - -50.9 == 0.000266

test-09_cross_check_with_sas_macro.R:363: failure: lower confint match with sas-mreg_linear_yreg_linear_int_t_caco_f_ncvar3.sas
lower[["te"]] not equal to sas_lower[["conditional_te"]].
1/1 mismatches
[1] -702 - -702 == -0.000336

test-09_cross_check_with_sas_macro.R:367: failure: upper confint match with sas-mreg_linear_yreg_linear_int_t_caco_f_ncvar3.sas
upper[["cde"]] not equal to sas_upper[["conditional_cde"]].
1/1 mismatches
[1] 373 - 373 == -0.000241

test-09_cross_check_with_sas_macro.R:368: failure: upper confint match with sas-mreg_linear_yreg_linear_int_t_caco_f_ncvar3.sas
upper[["pnde"]] not equal to sas_upper[["conditional_pnde"]].
1/1 mismatches
[1] 377 - 377 == -0.000324

test-09_cross_check_with_sas_macro.R:369: failure: upper confint match with sas-mreg_linear_yreg_linear_int_t_caco_f_ncvar3.sas
upper[["tnie"]] not equal to sas_upper[["conditional_tnie"]].
1/1 mismatches
[1] 145 - 154 == -9.46

test-09_cross_check_with_sas_macro.R:370: failure: upper confint match with sas-mreg_linear_yreg_linear_int_t_caco_f_ncvar3.sas
upper[["tnde"]] not equal to sas_upper[["conditional_tnde"]].
1/1 mismatches
[1] 379 - 379 == 0.0000196

test-09_cross_check_with_sas_macro.R:371: failure: upper confint match with sas-mreg_linear_yreg_linear_int_t_caco_f_ncvar3.sas
upper[["pnie"]] not equal to sas_upper[["conditional_pnie"]].
1/1 mismatches
[1] 94.3 - 94.3 == 0.000132

test-09_cross_check_with_sas_macro.R:372: failure: upper confint match with sas-mreg_linear_yreg_linear_int_t_caco_f_ncvar3.sas
upper[["te"]] not equal to sas_upper[["conditional_te"]].
1/1 mismatches
[1] 421 - 421 == -0.000402

test-09_cross_check_with_sas_macro.R:317: warning: (unknown)
the condition has length > 1 and only the first element will be used

test-09_cross_check_with_sas_macro.R:456: error: coef match with sas-mreg_linear_yreg_logistic_int_f_caco_f_ncvar3.sas
object of type 'builtin' is not subsettable
Backtrace:
 1. testthat::expect_equal(exp[(coef["cde"])], sas_estimate[["cde=nde"]]) tests/testthat/test-09_cross_check_with_sas_macro.R:456:32
 2. testthat::quasi_label(enquo(object), label, arg = "object")
 3. rlang::eval_bare(expr, quo_get_env(quo))

test-09_cross_check_with_sas_macro.R:465: failure: p match with sas-mreg_linear_yreg_logistic_int_f_caco_f_ncvar3.sas
p[["cde"]] not equal to sas_p[["cde=nde"]].
1/1 mismatches
[1] 0.149 - 0.298 == -0.149

test-09_cross_check_with_sas_macro.R:466: failure: p match with sas-mreg_linear_yreg_logistic_int_f_caco_f_ncvar3.sas
p[["pnde"]] not equal to sas_p[["cde=nde"]].
1/1 mismatches
[1] 0.149 - 0.298 == -0.149

test-09_cross_check_with_sas_macro.R:467: failure: p match with sas-mreg_linear_yreg_logistic_int_f_caco_f_ncvar3.sas
p[["tnie"]] not equal to sas_p[["nie"]].
1/1 mismatches
[1] 0.85 - 0.3 == 0.549

test-09_cross_check_with_sas_macro.R:468: failure: p match with sas-mreg_linear_yreg_logistic_int_f_caco_f_ncvar3.sas
p[["tnde"]] not equal to sas_p[["cde=nde"]].
1/1 mismatches
[1] 0.149 - 0.298 == -0.149

test-09_cross_check_with_sas_macro.R:469: failure: p match with sas-mreg_linear_yreg_logistic_int_f_caco_f_ncvar3.sas
p[["pnie"]] not equal to sas_p[["nie"]].
1/1 mismatches
[1] 0.85 - 0.3 == 0.549

test-09_cross_check_with_sas_macro.R:470: failure: p match with sas-mreg_linear_yreg_logistic_int_f_caco_f_ncvar3.sas
p[["te"]] not equal to sas_p[["te"]].
1/1 mismatches
[1] 0.196 - 0.392 == -0.196

test-09_cross_check_with_sas_macro.R:474: error: lower confint match with sas-mreg_linear_yreg_logistic_int_f_caco_f_ncvar3.sas
object of type 'builtin' is not subsettable
Backtrace:
 1. testthat::expect_equal(exp[(lower["cde"])], sas_lower[["cde=nde"]]) tests/testthat/test-09_cross_check_with_sas_macro.R:474:32
 2. testthat::quasi_label(enquo(object), label, arg = "object")
 3. rlang::eval_bare(expr, quo_get_env(quo))

test-09_cross_check_with_sas_macro.R:483: error: upper confint match with sas-mreg_linear_yreg_logistic_int_f_caco_f_ncvar3.sas
object of type 'builtin' is not subsettable
Backtrace:
 1. testthat::expect_equal(exp[(upper["cde"])], sas_upper[["cde=nde"]]) tests/testthat/test-09_cross_check_with_sas_macro.R:483:32
 2. testthat::quasi_label(enquo(object), label, arg = "object")
 3. rlang::eval_bare(expr, quo_get_env(quo))

test-09_cross_check_with_sas_macro.R:317: error: (unknown)
R fit for sas-mreg_linear_yreg_logistic_int_f_caco_t_ncvar3.sasgave an try-error object
Backtrace:
  1. dplyr::mutate(...)
 12. regmedint:::.f(...)
 13. dplyr::mutate(...)
────────────────────────────────────────────────────────────────────────────────────────────────────────────────────────

══ Results ═════════════════════════════════════════════════════════════════════════════════════════════════════════════
Duration: 5.4 s

OK:       743
Failed:   93
Warnings: 127
Skipped:  6
